<?xml version="1.0" encoding="UTF-8"?>
<testng-results ignored="0" total="1" passed="1" failed="0" skipped="0">
  <reporter-output>
  </reporter-output>
  <suite started-at="2023-07-10T10:32:23 IST" name="Default suite" finished-at="2023-07-10T10:33:00 IST" duration-ms="36439">
    <groups>
    </groups>
    <test started-at="2023-07-10T10:32:23 IST" name="Default test" finished-at="2023-07-10T10:33:00 IST" duration-ms="36439">
      <class name="OrganizationVtiger.CreateOrganizationTest">
        <test-method is-config="true" signature="beforeSuite()[pri:0, instance:OrganizationVtiger.CreateOrganizationTest@74fe5c40]" started-at="2023-07-10T10:32:23 IST" name="beforeSuite" finished-at="2023-07-10T10:32:23 IST" duration-ms="20" status="PASS">
          <reporter-output>
          </reporter-output>
        </test-method> <!-- beforeSuite -->
        <test-method is-config="true" signature="beforeTest()[pri:0, instance:OrganizationVtiger.CreateOrganizationTest@74fe5c40]" started-at="2023-07-10T10:32:23 IST" name="beforeTest" finished-at="2023-07-10T10:32:23 IST" duration-ms="1" status="PASS">
          <reporter-output>
          </reporter-output>
        </test-method> <!-- beforeTest -->
        <test-method is-config="true" signature="beforeClass()[pri:0, instance:OrganizationVtiger.CreateOrganizationTest@74fe5c40]" started-at="2023-07-10T10:32:23 IST" name="beforeClass" finished-at="2023-07-10T10:32:27 IST" duration-ms="3815" status="PASS">
          <reporter-output>
          </reporter-output>
        </test-method> <!-- beforeClass -->
        <test-method is-config="true" signature="beforeMethod()[pri:0, instance:OrganizationVtiger.CreateOrganizationTest@74fe5c40]" started-at="2023-07-10T10:32:27 IST" name="beforeMethod" finished-at="2023-07-10T10:32:38 IST" duration-ms="10832" status="PASS">
          <reporter-output>
          </reporter-output>
        </test-method> <!-- beforeMethod -->
        <test-method signature="createOrganizationTest()[pri:0, instance:OrganizationVtiger.CreateOrganizationTest@74fe5c40]" started-at="2023-07-10T10:32:38 IST" name="createOrganizationTest" finished-at="2023-07-10T10:32:54 IST" duration-ms="16330" status="PASS">
          <reporter-output>
          </reporter-output>
        </test-method> <!-- createOrganizationTest -->
        <test-method is-config="true" signature="afterMethod()[pri:0, instance:OrganizationVtiger.CreateOrganizationTest@74fe5c40]" started-at="2023-07-10T10:32:54 IST" name="afterMethod" finished-at="2023-07-10T10:33:00 IST" duration-ms="5413" status="PASS">
          <reporter-output>
          </reporter-output>
        </test-method> <!-- afterMethod -->
        <test-method is-config="true" signature="afterClass()[pri:0, instance:OrganizationVtiger.CreateOrganizationTest@74fe5c40]" started-at="2023-07-10T10:33:00 IST" name="afterClass" finished-at="2023-07-10T10:33:00 IST" duration-ms="0" status="PASS">
          <reporter-output>
          </reporter-output>
        </test-method> <!-- afterClass -->
        <test-method is-config="true" signature="afterTest()[pri:0, instance:OrganizationVtiger.CreateOrganizationTest@74fe5c40]" started-at="2023-07-10T10:33:00 IST" name="afterTest" finished-at="2023-07-10T10:33:00 IST" duration-ms="4" status="PASS">
          <reporter-output>
          </reporter-output>
        </test-method> <!-- afterTest -->
        <test-method is-config="true" signature="afterSuite()[pri:0, instance:OrganizationVtiger.CreateOrganizationTest@74fe5c40]" started-at="2023-07-10T10:33:00 IST" name="afterSuite" finished-at="2023-07-10T10:33:00 IST" duration-ms="300" status="PASS">
          <reporter-output>
          </reporter-output>
        </test-method> <!-- afterSuite -->
      </class> <!-- OrganizationVtiger.CreateOrganizationTest -->
    </test> <!-- Default test -->
  </suite> <!-- Default suite -->
</testng-results>
